  Exercises.c
C:\Users\Rek\source\repos\LW12 not verified\Exercises.c(12,9): warning C4477: "printf": в строке форматирования "%lu" требуется аргумент типа "unsigned long", но вариативный аргумент "1" имеет тип "size_t"
C:\Users\Rek\source\repos\LW12 not verified\Exercises.c(12,9): message : рекомендуется использовать "%zu" в строке форматирования
C:\Users\Rek\source\repos\LW12 not verified\Exercises.c(13,9): warning C4477: "printf": в строке форматирования "%lu" требуется аргумент типа "unsigned long", но вариативный аргумент "1" имеет тип "size_t"
C:\Users\Rek\source\repos\LW12 not verified\Exercises.c(13,9): message : рекомендуется использовать "%zu" в строке форматирования
C:\Users\Rek\source\repos\LW12 not verified\Exercises.c(20,9): warning C4477: "printf": в строке форматирования "%x" требуется аргумент типа "unsigned int", но вариативный аргумент "1" имеет тип "float *"
C:\Users\Rek\source\repos\LW12 not verified\Exercises.c(20,9): warning C4313: printf: конфликт "%x" в строке формата с аргументом 1 типа "float *"
C:\Users\Rek\source\repos\LW12 not verified\Exercises.c(21,9): warning C4477: "printf": в строке форматирования "%x" требуется аргумент типа "unsigned int", но вариативный аргумент "1" имеет тип "float *"
C:\Users\Rek\source\repos\LW12 not verified\Exercises.c(21,9): warning C4313: printf: конфликт "%x" в строке формата с аргументом 1 типа "float *"
C:\Users\Rek\source\repos\LW12 not verified\Exercises.c(41,9): warning C4477: "printf": в строке форматирования "%x" требуется аргумент типа "unsigned int", но вариативный аргумент "1" имеет тип "double *"
C:\Users\Rek\source\repos\LW12 not verified\Exercises.c(41,9): warning C4313: printf: конфликт "%x" в строке формата с аргументом 1 типа "double *"
C:\Users\Rek\source\repos\LW12 not verified\Exercises.c(43,9): warning C4477: "printf": в строке форматирования "%x" требуется аргумент типа "unsigned int", но вариативный аргумент "1" имеет тип "double *"
C:\Users\Rek\source\repos\LW12 not verified\Exercises.c(43,9): warning C4313: printf: конфликт "%x" в строке формата с аргументом 1 типа "double *"
C:\Users\Rek\source\repos\LW12 not verified\Exercises.c(45,9): warning C4477: "printf": в строке форматирования "%x" требуется аргумент типа "unsigned int", но вариативный аргумент "1" имеет тип "double *"
C:\Users\Rek\source\repos\LW12 not verified\Exercises.c(45,9): warning C4313: printf: конфликт "%x" в строке формата с аргументом 1 типа "double *"
C:\Users\Rek\source\repos\LW12 not verified\Exercises.c(53,9): warning C4477: "printf": в строке форматирования "%x" требуется аргумент типа "unsigned int", но вариативный аргумент "1" имеет тип "char *"
C:\Users\Rek\source\repos\LW12 not verified\Exercises.c(53,9): warning C4313: printf: конфликт "%x" в строке формата с аргументом 1 типа "char *"
C:\Users\Rek\source\repos\LW12 not verified\Exercises.c(55,9): warning C4477: "printf": в строке форматирования "%x" требуется аргумент типа "unsigned int", но вариативный аргумент "1" имеет тип "char *"
C:\Users\Rek\source\repos\LW12 not verified\Exercises.c(55,9): warning C4313: printf: конфликт "%x" в строке формата с аргументом 1 типа "char *"
C:\Users\Rek\source\repos\LW12 not verified\Exercises.c(57,9): warning C4477: "printf": в строке форматирования "%x" требуется аргумент типа "unsigned int", но вариативный аргумент "1" имеет тип "char *"
C:\Users\Rek\source\repos\LW12 not verified\Exercises.c(57,9): warning C4313: printf: конфликт "%x" в строке формата с аргументом 1 типа "char *"
C:\Users\Rek\source\repos\LW12 not verified\Exercises.c(65,9): warning C4477: "printf": в строке форматирования "%x" требуется аргумент типа "unsigned int", но вариативный аргумент "1" имеет тип "long double *"
C:\Users\Rek\source\repos\LW12 not verified\Exercises.c(65,9): warning C4313: printf: конфликт "%x" в строке формата с аргументом 1 типа "long double *"
C:\Users\Rek\source\repos\LW12 not verified\Exercises.c(67,9): warning C4477: "printf": в строке форматирования "%x" требуется аргумент типа "unsigned int", но вариативный аргумент "1" имеет тип "long double *"
C:\Users\Rek\source\repos\LW12 not verified\Exercises.c(67,9): warning C4313: printf: конфликт "%x" в строке формата с аргументом 1 типа "long double *"
C:\Users\Rek\source\repos\LW12 not verified\Exercises.c(69,9): warning C4477: "printf": в строке форматирования "%x" требуется аргумент типа "unsigned int", но вариативный аргумент "1" имеет тип "long double *"
C:\Users\Rek\source\repos\LW12 not verified\Exercises.c(69,9): warning C4313: printf: конфликт "%x" в строке формата с аргументом 1 типа "long double *"
C:\Users\Rek\source\repos\LW12 not verified\Exercises.c(77,9): warning C4477: "printf": в строке форматирования "%x" требуется аргумент типа "unsigned int", но вариативный аргумент "1" имеет тип "unsigned short *"
C:\Users\Rek\source\repos\LW12 not verified\Exercises.c(77,9): warning C4313: printf: конфликт "%x" в строке формата с аргументом 1 типа "unsigned short *"
C:\Users\Rek\source\repos\LW12 not verified\Exercises.c(79,9): warning C4477: "printf": в строке форматирования "%x" требуется аргумент типа "unsigned int", но вариативный аргумент "1" имеет тип "unsigned short *"
C:\Users\Rek\source\repos\LW12 not verified\Exercises.c(79,9): warning C4313: printf: конфликт "%x" в строке формата с аргументом 1 типа "unsigned short *"
C:\Users\Rek\source\repos\LW12 not verified\Exercises.c(81,9): warning C4477: "printf": в строке форматирования "%x" требуется аргумент типа "unsigned int", но вариативный аргумент "1" имеет тип "unsigned short *"
C:\Users\Rek\source\repos\LW12 not verified\Exercises.c(81,9): warning C4313: printf: конфликт "%x" в строке формата с аргументом 1 типа "unsigned short *"
C:\Users\Rek\source\repos\LW12 not verified\Exercises.c(89,9): warning C4477: "printf": в строке форматирования "%x" требуется аргумент типа "unsigned int", но вариативный аргумент "1" имеет тип "bool *"
C:\Users\Rek\source\repos\LW12 not verified\Exercises.c(89,9): warning C4313: printf: конфликт "%x" в строке формата с аргументом 1 типа "bool *"
C:\Users\Rek\source\repos\LW12 not verified\Exercises.c(91,9): warning C4477: "printf": в строке форматирования "%x" требуется аргумент типа "unsigned int", но вариативный аргумент "1" имеет тип "bool *"
C:\Users\Rek\source\repos\LW12 not verified\Exercises.c(91,9): warning C4313: printf: конфликт "%x" в строке формата с аргументом 1 типа "bool *"
C:\Users\Rek\source\repos\LW12 not verified\Exercises.c(93,9): warning C4477: "printf": в строке форматирования "%x" требуется аргумент типа "unsigned int", но вариативный аргумент "1" имеет тип "bool *"
C:\Users\Rek\source\repos\LW12 not verified\Exercises.c(93,9): warning C4313: printf: конфликт "%x" в строке формата с аргументом 1 типа "bool *"
C:\Users\Rek\source\repos\LW12 not verified\Exercises.c(102,16): warning C4047: =: "float *" отличается по уровням косвенного обращения от "float (*)[10]"
C:\Users\Rek\source\repos\LW12 not verified\Exercises.c(109,16): warning C4047: =: "float *" отличается по уровням косвенного обращения от "float (*)[10]"
C:\Users\Rek\source\repos\LW12 not verified\Exercises.c(18,1): warning C4305: инициализация: усечение из "double" в "float"
C:\Users\Rek\source\repos\LW12 not verified\Exercises.c(99,1): warning C4305: инициализация: усечение из "double" в "float"
  LW12.vcxproj -> C:\Users\Rek\source\repos\LW12 not verified\x64\Debug\LW12.exe
